c:\users\upndr\desktop\study\patterns\webometrix\webometrix\x64\release\vc143.pdb
c:\users\upndr\desktop\study\patterns\webometrix\webometrix\x64\release\yandexadapter.obj
c:\users\upndr\desktop\study\patterns\webometrix\webometrix\x64\release\rudecorator.obj
c:\users\upndr\desktop\study\patterns\webometrix\webometrix\x64\release\mailrumachine.obj
c:\users\upndr\desktop\study\patterns\webometrix\webometrix\x64\release\filesgroup.obj
c:\users\upndr\desktop\study\patterns\webometrix\webometrix\x64\release\fileiterator.obj
c:\users\upndr\desktop\study\patterns\webometrix\webometrix\x64\release\yandexscholar.obj
c:\users\upndr\desktop\study\patterns\webometrix\webometrix\x64\release\yandexmachine.obj
c:\users\upndr\desktop\study\patterns\webometrix\webometrix\x64\release\visibilityindicator.obj
c:\users\upndr\desktop\study\patterns\webometrix\webometrix\x64\release\sizeindicator.obj
c:\users\upndr\desktop\study\patterns\webometrix\webometrix\x64\release\siteproxy.obj
c:\users\upndr\desktop\study\patterns\webometrix\webometrix\x64\release\site.obj
c:\users\upndr\desktop\study\patterns\webometrix\webometrix\x64\release\scholarindicator.obj
c:\users\upndr\desktop\study\patterns\webometrix\webometrix\x64\release\richindicator.obj
c:\users\upndr\desktop\study\patterns\webometrix\webometrix\x64\release\pageclass.obj
c:\users\upndr\desktop\study\patterns\webometrix\webometrix\x64\release\main.obj
c:\users\upndr\desktop\study\patterns\webometrix\webometrix\x64\release\indicators.obj
c:\users\upndr\desktop\study\patterns\webometrix\webometrix\x64\release\googlescholar.obj
c:\users\upndr\desktop\study\patterns\webometrix\webometrix\x64\release\googlemachine.obj
c:\users\upndr\desktop\study\patterns\webometrix\webometrix\x64\release\filetype.obj
c:\users\upndr\desktop\study\patterns\webometrix\webometrix\x64\release\fileclass.obj
c:\users\upndr\desktop\study\patterns\webometrix\webometrix\x64\release\webometrix.exe
c:\users\upndr\desktop\study\patterns\webometrix\webometrix\x64\release\webometrix.pdb
c:\users\upndr\desktop\study\patterns\webometrix\webometrix\x64\release\webometrix.ipdb
c:\users\upndr\desktop\study\patterns\webometrix\webometrix\x64\release\webometrix.iobj
c:\users\upndr\desktop\study\patterns\webometrix\webometrix\x64\release\webometrix.tlog\cl.command.1.tlog
c:\users\upndr\desktop\study\patterns\webometrix\webometrix\x64\release\webometrix.tlog\cl.read.1.tlog
c:\users\upndr\desktop\study\patterns\webometrix\webometrix\x64\release\webometrix.tlog\cl.write.1.tlog
c:\users\upndr\desktop\study\patterns\webometrix\webometrix\x64\release\webometrix.tlog\link.command.1.tlog
c:\users\upndr\desktop\study\patterns\webometrix\webometrix\x64\release\webometrix.tlog\link.read.1.tlog
c:\users\upndr\desktop\study\patterns\webometrix\webometrix\x64\release\webometrix.tlog\link.write.1.tlog
c:\users\upndr\desktop\study\patterns\webometrix\webometrix\x64\release\webometrix.tlog\webometrix.write.1u.tlog
