c:\users\upndr\desktop\study\patterns\webometrix\webometrix\x64\debug\vc143.pdb
c:\users\upndr\desktop\study\patterns\webometrix\webometrix\x64\debug\vc143.idb
c:\users\upndr\desktop\study\patterns\webometrix\webometrix\x64\debug\yandexscholar.nativecodeanalysis.sarif
c:\users\upndr\desktop\study\patterns\webometrix\webometrix\x64\debug\yandexscholar.nativecodeanalysis.xml
c:\users\upndr\desktop\study\patterns\webometrix\webometrix\x64\debug\yandexmachine.nativecodeanalysis.sarif
c:\users\upndr\desktop\study\patterns\webometrix\webometrix\x64\debug\yandexmachine.nativecodeanalysis.xml
c:\users\upndr\desktop\study\patterns\webometrix\webometrix\x64\debug\visibilityindicator.nativecodeanalysis.sarif
c:\users\upndr\desktop\study\patterns\webometrix\webometrix\x64\debug\visibilityindicator.nativecodeanalysis.xml
c:\users\upndr\desktop\study\patterns\webometrix\webometrix\x64\debug\sizeindicator.nativecodeanalysis.sarif
c:\users\upndr\desktop\study\patterns\webometrix\webometrix\x64\debug\sizeindicator.nativecodeanalysis.xml
c:\users\upndr\desktop\study\patterns\webometrix\webometrix\x64\debug\siteproxy.nativecodeanalysis.sarif
c:\users\upndr\desktop\study\patterns\webometrix\webometrix\x64\debug\siteproxy.nativecodeanalysis.xml
c:\users\upndr\desktop\study\patterns\webometrix\webometrix\x64\debug\site.nativecodeanalysis.sarif
c:\users\upndr\desktop\study\patterns\webometrix\webometrix\x64\debug\site.nativecodeanalysis.xml
c:\users\upndr\desktop\study\patterns\webometrix\webometrix\x64\debug\scholarindicator.nativecodeanalysis.sarif
c:\users\upndr\desktop\study\patterns\webometrix\webometrix\x64\debug\scholarindicator.nativecodeanalysis.xml
c:\users\upndr\desktop\study\patterns\webometrix\webometrix\x64\debug\richindicator.nativecodeanalysis.sarif
c:\users\upndr\desktop\study\patterns\webometrix\webometrix\x64\debug\richindicator.nativecodeanalysis.xml
c:\users\upndr\desktop\study\patterns\webometrix\webometrix\x64\debug\pageclass.nativecodeanalysis.sarif
c:\users\upndr\desktop\study\patterns\webometrix\webometrix\x64\debug\pageclass.nativecodeanalysis.xml
c:\users\upndr\desktop\study\patterns\webometrix\webometrix\x64\debug\main.nativecodeanalysis.sarif
c:\users\upndr\desktop\study\patterns\webometrix\webometrix\x64\debug\main.nativecodeanalysis.xml
c:\users\upndr\desktop\study\patterns\webometrix\webometrix\x64\debug\indicators.nativecodeanalysis.sarif
c:\users\upndr\desktop\study\patterns\webometrix\webometrix\x64\debug\indicators.nativecodeanalysis.xml
c:\users\upndr\desktop\study\patterns\webometrix\webometrix\x64\debug\googlescholar.nativecodeanalysis.sarif
c:\users\upndr\desktop\study\patterns\webometrix\webometrix\x64\debug\googlescholar.nativecodeanalysis.xml
c:\users\upndr\desktop\study\patterns\webometrix\webometrix\x64\debug\googlemachine.nativecodeanalysis.sarif
c:\users\upndr\desktop\study\patterns\webometrix\webometrix\x64\debug\googlemachine.nativecodeanalysis.xml
c:\users\upndr\desktop\study\patterns\webometrix\webometrix\x64\debug\filetype.nativecodeanalysis.sarif
c:\users\upndr\desktop\study\patterns\webometrix\webometrix\x64\debug\filetype.nativecodeanalysis.xml
c:\users\upndr\desktop\study\patterns\webometrix\webometrix\x64\debug\fileclass.nativecodeanalysis.sarif
c:\users\upndr\desktop\study\patterns\webometrix\webometrix\x64\debug\fileclass.nativecodeanalysis.xml
c:\users\upndr\desktop\study\patterns\webometrix\webometrix\x64\debug\fileclass.obj
c:\users\upndr\desktop\study\patterns\webometrix\webometrix\x64\debug\filetype.obj
c:\users\upndr\desktop\study\patterns\webometrix\webometrix\x64\debug\googlemachine.obj
c:\users\upndr\desktop\study\patterns\webometrix\webometrix\x64\debug\googlescholar.obj
c:\users\upndr\desktop\study\patterns\webometrix\webometrix\x64\debug\indicators.obj
c:\users\upndr\desktop\study\patterns\webometrix\webometrix\x64\debug\main.obj
c:\users\upndr\desktop\study\patterns\webometrix\webometrix\x64\debug\pageclass.obj
c:\users\upndr\desktop\study\patterns\webometrix\webometrix\x64\debug\richindicator.obj
c:\users\upndr\desktop\study\patterns\webometrix\webometrix\x64\debug\scholarindicator.obj
c:\users\upndr\desktop\study\patterns\webometrix\webometrix\x64\debug\site.obj
c:\users\upndr\desktop\study\patterns\webometrix\webometrix\x64\debug\siteproxy.obj
c:\users\upndr\desktop\study\patterns\webometrix\webometrix\x64\debug\sizeindicator.obj
c:\users\upndr\desktop\study\patterns\webometrix\webometrix\x64\debug\visibilityindicator.obj
c:\users\upndr\desktop\study\patterns\webometrix\webometrix\x64\debug\yandexmachine.obj
c:\users\upndr\desktop\study\patterns\webometrix\webometrix\x64\debug\yandexscholar.obj
c:\users\upndr\desktop\study\patterns\webometrix\webometrix\x64\debug\webometrix.ilk
c:\users\upndr\desktop\study\patterns\webometrix\webometrix\x64\debug\webometrix.exe
c:\users\upndr\desktop\study\patterns\webometrix\webometrix\x64\debug\webometrix.pdb
c:\users\upndr\desktop\study\patterns\webometrix\webometrix\x64\debug\vc.nativecodeanalysis.all.xml
c:\users\upndr\desktop\study\patterns\webometrix\webometrix\x64\debug\webometrix.tlog\cl.command.1.tlog
c:\users\upndr\desktop\study\patterns\webometrix\webometrix\x64\debug\webometrix.tlog\cl.read.1.tlog
c:\users\upndr\desktop\study\patterns\webometrix\webometrix\x64\debug\webometrix.tlog\cl.write.1.tlog
c:\users\upndr\desktop\study\patterns\webometrix\webometrix\x64\debug\webometrix.tlog\link.command.1.tlog
c:\users\upndr\desktop\study\patterns\webometrix\webometrix\x64\debug\webometrix.tlog\link.read.1.tlog
c:\users\upndr\desktop\study\patterns\webometrix\webometrix\x64\debug\webometrix.tlog\link.write.1.tlog
